<?xml version="1.0" encoding="UTF-8"?>
<testng-results skipped="0" failed="1" ignored="0" total="1" passed="0">
  <reporter-output>
  </reporter-output>
  <suite name="TestSuite" duration-ms="27053" started-at="2018-06-24T14:51:02Z" finished-at="2018-06-24T14:51:29Z">
    <groups>
    </groups>
    <test name="test" duration-ms="27053" started-at="2018-06-24T14:51:02Z" finished-at="2018-06-24T14:51:29Z">
      <class name="productSearch.SearchProduct">
        <test-method status="FAIL" signature="AmazonProductSearch()[pri:0, instance:productSearch.SearchProduct@2173f6d9]" name="AmazonProductSearch" duration-ms="27014" started-at="2018-06-24T20:21:02Z" finished-at="2018-06-24T20:21:29Z">
          <exception class="java.lang.AssertionError">
            <message>
              <![CDATA[Product title not matching expected [Nikon D3X] but found [Nikon AF-S FX NIKKOR 800mm f/5.6E FL ED Vibration Reduction Fixed Zoom Lens with Auto Focus for Nikon DSLR Cameras]]]>
            </message>
            <full-stacktrace>
              <![CDATA[java.lang.AssertionError: Product title not matching expected [Nikon D3X] but found [Nikon AF-S FX NIKKOR 800mm f/5.6E FL ED Vibration Reduction Fixed Zoom Lens with Auto Focus for Nikon DSLR Cameras]at org.testng.Assert.fail(Assert.java:96)at org.testng.Assert.failNotEquals(Assert.java:776)at org.testng.Assert.assertEqualsImpl(Assert.java:137)at org.testng.Assert.assertEquals(Assert.java:118)at org.testng.Assert.assertEquals(Assert.java:453)at productSearch.SearchProduct.AmazonProductSearch(SearchProduct.java:75)at sun.reflect.NativeMethodAccessorImpl.invoke0(Native Method)at sun.reflect.NativeMethodAccessorImpl.invoke(Unknown Source)at sun.reflect.DelegatingMethodAccessorImpl.invoke(Unknown Source)at java.lang.reflect.Method.invoke(Unknown Source)at org.testng.internal.MethodInvocationHelper.invokeMethod(MethodInvocationHelper.java:124)at org.testng.internal.Invoker.invokeMethod(Invoker.java:571)at org.testng.internal.Invoker.invokeTestMethod(Invoker.java:707)at org.testng.internal.Invoker.invokeTestMethods(Invoker.java:979)at org.testng.internal.TestMethodWorker.invokeTestMethods(TestMethodWorker.java:125)at org.testng.internal.TestMethodWorker.run(TestMethodWorker.java:109)at org.testng.TestRunner.privateRun(TestRunner.java:648)at org.testng.TestRunner.run(TestRunner.java:505)at org.testng.SuiteRunner.runTest(SuiteRunner.java:455)at org.testng.SuiteRunner.runSequentially(SuiteRunner.java:450)at org.testng.SuiteRunner.privateRun(SuiteRunner.java:415)at org.testng.SuiteRunner.run(SuiteRunner.java:364)at org.testng.SuiteRunnerWorker.runSuite(SuiteRunnerWorker.java:52)at org.testng.SuiteRunnerWorker.run(SuiteRunnerWorker.java:84)at org.testng.TestNG.runSuitesSequentially(TestNG.java:1187)at org.testng.TestNG.runSuitesLocally(TestNG.java:1116)at org.testng.TestNG.runSuites(TestNG.java:1028)at org.testng.TestNG.run(TestNG.java:996)at org.testng.remote.AbstractRemoteTestNG.run(AbstractRemoteTestNG.java:114)at org.testng.remote.RemoteTestNG.initAndRun(RemoteTestNG.java:251)at org.testng.remote.RemoteTestNG.main(RemoteTestNG.java:77)]]>
            </full-stacktrace>
          </exception> <!-- java.lang.AssertionError -->
          <reporter-output>
          </reporter-output>
        </test-method> <!-- AmazonProductSearch -->
      </class> <!-- productSearch.SearchProduct -->
    </test> <!-- test -->
  </suite> <!-- TestSuite -->
</testng-results>
