<?xml version="1.0" encoding="UTF-8"?>
<!-- Generated by org.testng.reporters.JUnitReportReporter -->
<testsuite skipped="4" hostname="DESKTOP-AFPQEHR" name="productSearch.ExtentReportsClass" tests="5" failures="0" timestamp="24 Jun 2018 09:37:19 GMT" time="0.124" errors="1">
  <testcase name="skipTest" time="0.000" classname="productSearch.ExtentReportsClass">
    <skipped/>
  </testcase> <!-- skipTest -->
  <testcase name="failTest" time="0.000" classname="productSearch.ExtentReportsClass">
    <skipped/>
  </testcase> <!-- failTest -->
  <testcase name="AmazonProductSearch" time="0.000" classname="productSearch.ExtentReportsClass">
    <skipped/>
  </testcase> <!-- AmazonProductSearch -->
  <testcase name="startReport" time="0.124" classname="productSearch.ExtentReportsClass">
    <error type="java.lang.NoClassDefFoundError" message="freemarker/template/TemplateModelException">
      <![CDATA[java.lang.NoClassDefFoundError: freemarker/template/TemplateModelExceptionat com.relevantcodes.extentreports.ExtentReports.<init>(ExtentReports.java:86)at com.relevantcodes.extentreports.ExtentReports.<init>(ExtentReports.java:375)at productSearch.ExtentReportsClass.startReport(ExtentReportsClass.java:41)at sun.reflect.NativeMethodAccessorImpl.invoke0(Native Method)at sun.reflect.NativeMethodAccessorImpl.invoke(Unknown Source)at sun.reflect.DelegatingMethodAccessorImpl.invoke(Unknown Source)at java.lang.reflect.Method.invoke(Unknown Source)at org.testng.internal.MethodInvocationHelper.invokeMethod(MethodInvocationHelper.java:124)at org.testng.internal.MethodInvocationHelper.invokeMethodConsideringTimeout(MethodInvocationHelper.java:59)at org.testng.internal.Invoker.invokeConfigurationMethod(Invoker.java:451)at org.testng.internal.Invoker.invokeConfigurations(Invoker.java:222)at org.testng.internal.Invoker.invokeConfigurations(Invoker.java:142)at org.testng.TestRunner.beforeRun(TestRunner.java:529)at org.testng.TestRunner.run(TestRunner.java:497)at org.testng.SuiteRunner.runTest(SuiteRunner.java:455)at org.testng.SuiteRunner.runSequentially(SuiteRunner.java:450)at org.testng.SuiteRunner.privateRun(SuiteRunner.java:415)at org.testng.SuiteRunner.run(SuiteRunner.java:364)at org.testng.SuiteRunnerWorker.runSuite(SuiteRunnerWorker.java:52)at org.testng.SuiteRunnerWorker.run(SuiteRunnerWorker.java:84)at org.testng.TestNG.runSuitesSequentially(TestNG.java:1187)at org.testng.TestNG.runSuitesLocally(TestNG.java:1116)at org.testng.TestNG.runSuites(TestNG.java:1028)at org.testng.TestNG.run(TestNG.java:996)at org.testng.remote.AbstractRemoteTestNG.run(AbstractRemoteTestNG.java:114)at org.testng.remote.RemoteTestNG.initAndRun(RemoteTestNG.java:251)at org.testng.remote.RemoteTestNG.main(RemoteTestNG.java:77)Caused by: java.lang.ClassNotFoundException: freemarker.template.TemplateModelExceptionat java.net.URLClassLoader.findClass(Unknown Source)at java.lang.ClassLoader.loadClass(Unknown Source)at sun.misc.Launcher$AppClassLoader.loadClass(Unknown Source)at java.lang.ClassLoader.loadClass(Unknown Source)... 27 more]]>
    </error>
  </testcase> <!-- startReport -->
  <testcase name="passTest" time="0.000" classname="productSearch.ExtentReportsClass">
    <skipped/>
  </testcase> <!-- passTest -->
</testsuite> <!-- productSearch.ExtentReportsClass -->
